Command line:
"travis -i input.txt -p ../../../traj/CDP_224_example.xyz"


  ________                                 __
 /        |                               /  |
 ########/ ______    ______    __     __  ##/    _______
    ## |  /      \  /      \  /  \   /  | /  |  /       |
    ## | /######  | ######  | ##  \ /##/  ## | /#######/
    ## | ## |  ##/  /    ## |  ##  /##/   ## | ##      \
    ## | ## |      /####### |   ## ##/    ## |  ######  |
    ## | ## |      ##    ## |    ###/     ## | /     ##/
    ##/  ##/        #######/      #/      ##/  #######/

    TRajectory Analyzer and VISualizer  -  Open-source free software under GNU GPL v3

    Copyright (c) Martin Brehm      (2009-2021), University of Halle (Saale)
                  Martin Thomas     (2012-2021)
                  Sascha Gehrke     (2016-2021), University of Bonn
                  Barbara Kirchner  (2009-2021), University of Bonn

    http://www.travis-analyzer.de

    Please cite: J. Chem. Phys. 2020, 152 (16), 164105.         (DOI 10.1063/5.0005078 )
                 J. Chem. Inf. Model. 2011, 51 (8), 2007-2023.  (DOI 10.1021/ci200217w )

    There is absolutely no warranty on any results obtained from TRAVIS.

 #  Running on pop-os at Tue Dec 21 21:40:46 2021 (PID 13172)
 #  Running in /home/alex/Documents/Studium_Chemie/HiWi/ThC_HiWi/c_stuff/traj_c/example/reference_small/calculations/rdf_inter_O_O
 #  Version: May 21 2021, built at Oct  5 2021, 16:13:10, compiler "10.3.0", GCC 10.3.0
 #  Target platform: Linux, __cplusplus=201402L, Compile flags: NEW_CHARGEVAR DEBUG_ARRAYS 
 #  Machine: x86_64, int=4b, long=8b, addr=8b, 0xA0B0C0D0=D0,C0,B0,A0.
 #  Home: /home/alex,  Executable: /home/alex/bin/travis
 #  Input from input.txt, Output to terminal

    >>> Please use a color scheme with dark background or specify "-nocolor"! <<<

    Loading configuration from /home/alex/.travis.conf ...

    Opening position trajectory ../../../traj/CDP_224_example.xyz ...

    Trajectory contains approximately 1000 frames (just a *guess* from the file size of 8.00 MiB).

    128 atoms in the system: 16x Cs, 32x H, 64x O, 16x P

    System extent:  X = {     -3 ..  +1029 pm }, dX = 1032 pm
      (in step 1)   Y = {    -65 ..   +984 pm }, dY = 1049 pm
                    Z = {    -24 ..  +1983 pm }, dZ = 2008 pm

    The "advanced mode" offers seldomly required features, including support for non-orthorhombic
    simulation cells, NPT ensemble, non-periodic systems, user-definded virtual atoms, pseudomolecules, ...

    Use the advanced mode until the analysis selection menu (y/n)? [no] 992.2
Invalid input. Enter "y" or "n".
    Use the advanced mode until the analysis selection menu (y/n)? [no] n

    A cell vector of 1827.95 pm would result in a density of 1.0 g/cm^3.

    Are the 3 cell vectors of the same size (yes/no)? [yes] n
    Enter length of X cell vector in pm: 992.2
    Enter length of Y cell vector in pm: 992.2
    Enter length of Z cell vector in pm: 1984.4

    The box size is 992.20 x 992.20 x 1984.40 pm.
    The overall box density is 3.126559 g/cm^3.

    Using the following element data:

      Element | Ord. Number |  Mass / u | Cov. Radius / pm | VdW Radius / pm | Color
    ----------|-------------|-----------|------------------|-----------------|----------
      H       |           1 |   1.00798 |            37.00 |          109.00 | #FFFFFF
      O       |           8 |  15.99940 |            75.00 |          152.00 | #FF0000
      P       |          15 |  30.97376 |           111.00 |          180.00 | #E47100
      Cs      |          55 | 132.90545 |           225.00 |          343.00 | #00FFFF


    The trajectory contains some metal atoms.
    In many cases, these are ions, and should not form any covalent bonds.

      Exclude Cs atoms from bond recognition (y/n)? [yes] <RETURN>


    Initialized spatial domain engine with 3 x 3 x 7 cells, min. diameter = 255 pm.

    Molecule recognition [##########################################]

    32 molecules found.

    Sorting atom types...
    Setting up bond lists...
    Building atom codes...
    Creating refined topological atom order...
      [################################] Done.
    Creating bond list...
    Creating angle list...
    Grouping together equivalent molecules...
    Found 4 unique molecule types.
    Sorting molecule types by molecular mass...
    Found 0 rings.
    Molecule recognition finished.

Output of bond matrices:

*** Molecule 1: Cs; Representant 1; Distances in pm ***
[only 1 Atom]

*** Molecule 2: H3O4P; Representant 1; Distances in pm ***

    H1  H2  H3  O1  O2  O3  O4  P1 
H1  ***  -   -  107  -   -   -   -  
H2   -  ***  -   -  105  -   -   -  
H3   -   -  ***  -   -  103  -   -  
O1  107  -   -  ***  -   -   -  162 
O2   -  105  -   -  ***  -   -  162 
O3   -   -  103  -   -  ***  -  162 
O4   -   -   -   -   -   -  *** 157 
P1   -   -   -  162 162 162 157 *** 

    Atoms H1, H2, H3 are equivalent.
    Atoms O1, O2, O3 are equivalent.

*** Molecule 3: H2O4P; Representant 1; Distances in pm ***

    H1  H2  O1  O2  O3  O4  P1 
H1  ***  -   99  -   -   -   -  
H2   -  ***  -  102  -   -   -  
O1   99  -  ***  -   -   -  161 
O2   -  102  -  ***  -   -  158 
O3   -   -   -   -  ***  -  154 
O4   -   -   -   -   -  *** 153 
P1   -   -  161 158 154 153 *** 

    Atoms H1, H2 are equivalent.
    Atoms O1, O2 are equivalent.
    Atoms O3, O4 are equivalent.

*** Molecule 4: HO4P; Representant 1; Distances in pm ***

    H1  O1  O2  O3  O4  P1 
H1  *** 104  -   -   -   -  
O1  104 ***  -   -   -  166 
O2   -   -  ***  -   -  153 
O3   -   -   -  ***  -  150 
O4   -   -   -   -  *** 160 
P1   -  166 153 150 160 *** 

    Atoms O2, O3, O4 are equivalent.


*** The following 4 kinds of molecules have been recognized:
    (ordered by molecular mass)

  - Molecule 1:  Cs (16 pieces, 132.91 g/mol)
      (1 noneq. atom, 0 noneq. bonds, 0 noneq. angles)
      Concentration:  13.600078 mol/liter

  - Molecule 2:  H3O4P (1 piece, 98.00 g/mol)
      (4 noneq. atoms, 3 noneq. bonds, 3 noneq. angles)
      Concentration:   0.850005 mol/liter

  - Molecule 3:  H2O4P (14 pieces, 96.99 g/mol)
      (4 noneq. atoms, 3 noneq. bonds, 4 noneq. angles)
      Concentration:  11.900069 mol/liter

  - Molecule 4:  HO4P (1 piece, 95.98 g/mol)
      (4 noneq. atoms, 3 noneq. bonds, 3 noneq. angles)
      Concentration:   0.850005 mol/liter


    If you switch on "USE_OPENBABEL" in config.h, TRAVIS can print SMILES strings of your molecules.

    You can create images of the structural formulas with the atom labels for easier
    identification of the atoms (requires installed GraphViz package - see www.graphviz.org).

    Create images of the structural formulas (y/n)? [no] <RETURN>

    Accept these molecules (y) or change something (n)? [yes] n

    If you want some atom types to form no bonds at all, assign covalent radius 0 to them.

    *** Modify Molecules ***

    Your choices:

    1.) Change covalent atom radii used for bond recognition
    2.) Break specific bonds
    3.) Rename elements
    4.) Split molecule type into two types
    5.) Add bonds / add solvation shell to molecule

    Please select: [done] 1

    A covalent radius of 0 means that the element can't form any bonds.

    These values have been used (covalent radii from literature multiplied with 1.15):

      - Cs      0.0 pm
      - H      42.5 pm
      - O      86.2 pm
      - P     127.6 pm

    The radius of which element do you want to change (enter element label)? [done] H
    Please enter new bond radius for H in pm: [42.5] 0

      Atom H will form no bonds now.

    Also remove this atom type from the system (y/n)? [no] <RETURN>

    The radius of which element do you want to change (enter element label)? [done] <RETURN>


    *** Modify Molecules ***

    Your choices:

    1.) Change covalent atom radii used for bond recognition
    2.) Break specific bonds
    3.) Rename elements
    4.) Split molecule type into two types
    5.) Add bonds / add solvation shell to molecule

    Please select: [done] <RETURN>

    Going back to molecule recognition with changed settings.



    Initialized spatial domain engine with 3 x 3 x 7 cells, min. diameter = 255 pm.

    Molecule recognition [##########################################]

    64 molecules found.

    Sorting atom types...
    Setting up bond lists...
    Building atom codes...
    Creating refined topological atom order...
      [############################################################] Done.
    Creating bond list...
    Creating angle list...
    Grouping together equivalent molecules...
    Found 3 unique molecule types.
    Sorting molecule types by molecular mass...
    Found 0 rings.
    Molecule recognition finished.

Output of bond matrices:

*** Molecule 1: Cs; Representant 1; Distances in pm ***
[only 1 Atom]

*** Molecule 2: O4P; Representant 1; Distances in pm ***

    O1  O2  O3  O4  P1 
O1  ***  -   -   -  154 
O2   -  ***  -   -  153 
O3   -   -  ***  -  161 
O4   -   -   -  *** 158 
P1  154 153 161 158 *** 

    Atoms O1, O2, O3, O4 are equivalent.

*** Molecule 3: H; Representant 1; Distances in pm ***
[only 1 Atom]


*** The following 3 kinds of molecules have been recognized:
    (ordered by molecular mass)

  - Molecule 1:  Cs (16 pieces, 132.91 g/mol)
      (1 noneq. atom, 0 noneq. bonds, 0 noneq. angles)
      Concentration:  13.600078 mol/liter

  - Molecule 2:  O4P (16 pieces, 94.97 g/mol)
      (2 noneq. atoms, 1 noneq. bond, 1 noneq. angle)
      Concentration:  13.600078 mol/liter

  - Molecule 3:  H (32 pieces, 1.01 g/mol)
      (1 noneq. atom, 0 noneq. bonds, 0 noneq. angles)
      Concentration:  27.200157 mol/liter


    If you switch on "USE_OPENBABEL" in config.h, TRAVIS can print SMILES strings of your molecules.

    You can create images of the structural formulas with the atom labels for easier
    identification of the atoms (requires installed GraphViz package - see www.graphviz.org).

    Create images of the structural formulas (y/n)? [no] <RETURN>

    Accept these molecules (y) or change something (n)? [yes] <RETURN>

    Uniting molecules which have been broken by wrapping...

    Determining maximum molecular diameters...

    Found the following maximal molecular diameters:

      (*) Molecule 1 (Cs):   (only one atom)

      (*) Molecule 2 (O4P):    279.12 pm

      (*) Molecule 3 (H):    (only one atom)


    The atoms are currently ordered by topological priority.

    Defining virtual atom #1 as molecular Center of Geometry:
      - Cs...
      - O4P...
      - H...

    Defining virtual atom #2 as molecular Center of Mass:
      - Cs...
      - O4P...
      - H...

    Defining molecular dipole vectors:

      The last virtual atom of each molecule is defined as the tip of the dipole vector
      starting in center of mass (#2). 1 Debye corresponds to 100 pm of vector length.
      Only useful if dipole/charge data is provided. Otherwise vector has always length of zero.

      - Dipole vector #2 --> #3 in Cs ...
      - Dipole vector #2 --> #3 in O4P ...
      - Dipole vector #2 --> #3 in H ...

>>> 9 virtual atoms have been defined: >>>

    #1 in Cs: Center of Geometry.
    #2 in Cs: Center of Mass.

    #3 in Cs - tip of molecular dipole vector starting in #2.

    #1 in O4P: Center of Geometry.
    #2 in O4P: Center of Mass.

    #3 in O4P - tip of molecular dipole vector starting in #2.

    #1 in H: Center of Geometry.
    #2 in H: Center of Mass.

    #3 in H - tip of molecular dipole vector starting in #2.

<<< End of virtual atoms <<<


>>> List of functions <<<

 *** Static (time independent) Functions
 cdf      - Combined Distribution Function
 rdf      - Radial Distribution Function
 adf      - Angular Distribution Function
 ddf      - Dihedral Distribution Function
 pldf     - Point-Plane Distance Distribution
 lidf     - Point-Line Distance Distribution
 plproj   - Plane Projection Distribution
 dprof    - Fixed Plane Density Profile
 fpp      - Fixed Plane Projection
 dens     - Density Distribution Function
 sdf      - Spatial Distribution Function
 psdf     - Pseudo SDF (only 2 ref. atoms)
 dip      - Dipole Distribution Function
 cond     - Evaluate Structural Condition
 sfac     - Compute Structure Factor
 agtopo   - Aggregation Topology Analysis
 cmat     - Contact Matrix / Connection Matrix
 geodens  - Particle Density inside Geometric Object

 *** Dynamic (time dependent) Functions
 vdf      - Velocity Distribution Function
 fdf      - Force Distribution Function
 msd      - Mean Square Displacement / Diffusion Coefficients
 acf      - Velocity Autocorrelation Functions
 rdyn     - Vector Reorientation Dynamics
 vhcf     - Van Hove Correlation Function
 aggr     - Aggregation Functions (DACF, DLDF, DDisp)
 hbond    - Hydrogen Bond Dynamics
 ionpair  - Diffusion Corrected Ion Pair Dynamics
 tddf     - Time Dependent Distribution Functions

 *** Spectroscopic Functions
 spec     - New Spectroscopy Module (IR, Raman, VCD, ROA)
 power    - Calculate Power Spectrum
 nc       - Normal Coordinate Analysis
 ir       - (old) Calculate IR Spectrum
 raman    - (old) Calculate Raman Spectrum
 vcd      - (old) Calculate VCD Spectrum
 drst     - Save Dipole Restart File
 mrst     - Save Magnetic Moment Restart File
 pol      - Set up Polarizability Calculation

 *** Miscellaneous Functions
 env      - Save Trajectory of RM Environment / TDO Plot
 proc     - Save Processed Trajectory
 cut      - Cut Clusters
 reg      - Region-specific Analysis
 chi      - Chirality Analysis
 eck      - Transform to Eckart Frame
 swan     - Sort Wannier Centers
 voro     - Basic Voronoi Analysis
 vori     - Voronoi Integration Functions
 vorochg  - Voronoi Charge Optimization
 doma     - Domain Analysis
 order    - Order Parameters
 hole     - Hole Theory based Analysis

   (You may specify multiple analyses at once, but
    the safe way is to perform only one kind of analysis at a time.)

    Which functions to compute (comma separated)? rdf

 rdf     - Radial Distribution Function

    The advanced mode includes some options which are quite powerful,
    yet possibly weird or seldomly required.

    Use the advanced mode for the main part (y/n)? [no] <RETURN>


    Which of the molecules should be the reference molecule (Cs=1, O4P=2, H=3)? 2

    O4P is the reference molecule.


>>> Observation 1 >>>

    Perform this observation intramolecular (within the reference molecule) (0) or intermolecular (1)? [1] <RETURN>

    Which molecule should be observed (Cs=1, O4P=2, H=3)? 2

>>> Radial Distribution Function >>>

    Take reference atom(s) from RM O4P (0) or from OM O4P (1)? [0] <RETURN>
    Take observed atom(s) from RM O4P (0) or from OM O4P (1)? [1] <RETURN>

    Which atom(s) to take from RM O4P (e.g. "C1,C3-5,H", "*"=all)? [#2] O
    Which atom(s) to take from OM O4P (e.g. "C1,C3-5,H", "*"=all)? [#2] O
    This yields in 16 combinations.

    The smallest periodic cell half diameter is 496.10 pm. You can compute meaningful RDFs up to this distance.

    There is also a long-range RDF formula by Roehrig & Kuehne which works up to 1215.19 pm.
    If you enter a max. radius of > 496.10 pm, you will be asked to switch it on.

    Using 0 pm as the minimal radius of the RDF.

    Enter the maximal radius of this RDF (in pm): [400.0] <RETURN>

    The default resolution is 300 bins per nm, corresponding to a bin width of 3.33 pm.

    Enter the resolution (bin count) for this RDF: [120] <RETURN>
    Correct radial distribution for this RDF (y/n)? [yes] <RETURN>

<<< End of Radial Distribution Function <<<

    Save temporal development for this observation (y/n)? [no] <RETURN>
    Add a condition to this observation (y/n)? [no] <RETURN>

<<< End of Observation 1 <<<

    Add another observation (y/n)? [no] <RETURN>

>>> Observation List >>>

  *** Observation 1
    - RDF: O4P_O4P_[Or_Oo]

<<< End of Observation List <<<


    Not wrapping molecules into the box.

    Not removing center of mass movement of the box.

    Skip repeated time steps (y/n)? [no] <RETURN>
    In which trajectory frame to start processing the trajectory? [1] <RETURN>
    How many trajectory frames to read (from this position on)? [all] <RETURN>
    Use every n-th read trajectory frame for the analysis: [1] <RETURN>

    Using 1000 time steps: Every 1st within range 1 - approx. 1000.

########## All information collected ##########

>>> Initialization >>>

Initializing observation 1...
  Creating RDF...

<<< End of Initialization <<<


##########   Starting Main Pass   ##########

Hint: Press CTRL+C once to softly interrupt analysis and still write the results.
      Creating an empty file named EXIT ("touch EXIT") has the same effect.

Step      0 ..................................................
Step     50 ................................................
End of trajectory file reached.


##########   Main pass done   ##########

1000 time steps processed.



    Finishing analyses:
----------------------------------------------------------------------------------------------------------


>>> Observation 1 >>>

* Radial Distribution Function
    269164 bin entries, 3570836 out of bin range (92.99 percent).
    Max. bin entry: 9.736177E+03  -->  EPS: 1.818989E-12
    Mean value:    701.138 pm    Standard deviation:    214.789 pm
    Min. value:     227.05 pm    Max.value:             1211.87 pm
    Scaling RDF to uniform density ...
    Correcting radial distribution...
    Performing automatic peak detection...
    >>> Peak Data >>>
      1. maximum at  248.33 pm, height  0.8664
      1. minimum at  288.33 pm, height  0.3648,  0.9224 particles in 1. solvation shell.
      2. maximum at  358.33 pm, height  0.7400
    <<< Peak Data <<<
    Saving RDF as "rdf_O4P_O4P_[Or_Oo].csv"...
      Note: The third column of the text file contains the number integral / coordination number.
    Saving RDF AGR file as "rdf_O4P_O4P_[Or_Oo].agr"...


----------------------------------------------------------------------------------------------------------
    Finished all analyses.


    Note: To show a list of all persons who contributed to TRAVIS,
          please add "-credits" to your command line arguments, or set the
          variable "SHOWCREDITS" to "TRUE" in your travis.conf file.

    Source code from other projects used in TRAVIS:
      - lmfit     from Joachim Wuttke
      - kiss_fft  from Mark Borgerding
      - voro++    from Chris Rycroft

    http://www.travis-analyzer.de

    Please cite all of the following articles for the analyses you have used:

  * For TRAVIS in general:

    "TRAVIS - A Free Analyzer for Trajectories from Molecular Simulation",
    M. Brehm, M. Thomas, S. Gehrke, B. Kirchner; J. Chem. Phys. 2020, 152 (16), 164105.   (DOI 10.1063/5.0005078 )

    "TRAVIS - A Free Analyzer and Visualizer for Monte Carlo and Molecular Dynamics Trajectories",
    M. Brehm, B. Kirchner; J. Chem. Inf. Model. 2011, 51 (8), pp 2007-2023.   (DOI 10.1021/ci200217w )

*** The End ***

